[2023-01-01T01:22:49.054+0000] {taskinstance.py:1165} INFO - Dependencies all met for <TaskInstance: dpt_cosmetic.transaction.extract manual__2023-01-01T01:22:36.015023+00:00 [queued]>
[2023-01-01T01:22:49.116+0000] {taskinstance.py:1165} INFO - Dependencies all met for <TaskInstance: dpt_cosmetic.transaction.extract manual__2023-01-01T01:22:36.015023+00:00 [queued]>
[2023-01-01T01:22:49.118+0000] {taskinstance.py:1362} INFO - 
--------------------------------------------------------------------------------
[2023-01-01T01:22:49.119+0000] {taskinstance.py:1363} INFO - Starting attempt 1 of 1
[2023-01-01T01:22:49.121+0000] {taskinstance.py:1364} INFO - 
--------------------------------------------------------------------------------
[2023-01-01T01:22:49.205+0000] {taskinstance.py:1383} INFO - Executing <Task(ExtractOperator): transaction.extract> on 2023-01-01 01:22:36.015023+00:00
[2023-01-01T01:22:49.221+0000] {standard_task_runner.py:55} INFO - Started process 958 to run task
[2023-01-01T01:22:49.237+0000] {standard_task_runner.py:82} INFO - Running: ['***', 'tasks', 'run', 'dpt_cosmetic', 'transaction.extract', 'manual__2023-01-01T01:22:36.015023+00:00', '--job-id', '141', '--raw', '--subdir', 'DAGS_FOLDER/main.py', '--cfg-path', '/tmp/tmpblxace0r']
[2023-01-01T01:22:49.240+0000] {standard_task_runner.py:83} INFO - Job 141: Subtask transaction.extract
[2023-01-01T01:22:49.560+0000] {task_command.py:376} INFO - Running <TaskInstance: dpt_cosmetic.transaction.extract manual__2023-01-01T01:22:36.015023+00:00 [running]> on host 6bd76effbc07
[2023-01-01T01:22:50.048+0000] {taskinstance.py:1592} INFO - Exporting the following env vars:
AIRFLOW_CTX_DAG_OWNER=***
AIRFLOW_CTX_DAG_ID=dpt_cosmetic
AIRFLOW_CTX_TASK_ID=transaction.extract
AIRFLOW_CTX_EXECUTION_DATE=2023-01-01T01:22:36.015023+00:00
AIRFLOW_CTX_TRY_NUMBER=1
AIRFLOW_CTX_DAG_RUN_ID=manual__2023-01-01T01:22:36.015023+00:00
[2023-01-01T01:22:50.267+0000] {taskinstance.py:1851} ERROR - Task failed with exception
Traceback (most recent call last):
  File "pandas/_libs/tslibs/offsets.pyx", line 661, in pandas._libs.tslibs.offsets.BaseOffset._validate_n
TypeError: int() argument must be a string, a bytes-like object or a number, not 'list'

During handling of the above exception, another exception occurred:

Traceback (most recent call last):
  File "/opt/airflow/dags/utilties/extract_operator.py", line 22, in execute
    df=pd.DateOffset(list(data))
  File "pandas/_libs/tslibs/offsets.pyx", line 1000, in pandas._libs.tslibs.offsets.RelativeDeltaOffset.__init__
  File "pandas/_libs/tslibs/offsets.pyx", line 361, in pandas._libs.tslibs.offsets.BaseOffset.__init__
  File "pandas/_libs/tslibs/offsets.pyx", line 663, in pandas._libs.tslibs.offsets.BaseOffset._validate_n
TypeError: `n` argument must be an integer, got <class 'list'>
[2023-01-01T01:22:50.344+0000] {taskinstance.py:1406} INFO - Marking task as FAILED. dag_id=dpt_cosmetic, task_id=transaction.extract, execution_date=20230101T012236, start_date=20230101T012249, end_date=20230101T012250
[2023-01-01T01:22:50.417+0000] {standard_task_runner.py:105} ERROR - Failed to execute job 141 for task transaction.extract (`n` argument must be an integer, got <class 'list'>; 958)
[2023-01-01T01:22:50.458+0000] {local_task_job.py:164} INFO - Task exited with return code 1
[2023-01-01T01:22:50.569+0000] {local_task_job.py:273} INFO - 0 downstream tasks scheduled from follow-on schedule check
