[2022-12-31T20:56:55.306+0000] {taskinstance.py:1165} INFO - Dependencies all met for <TaskInstance: dpt_cosmetic.test manual__2022-12-31T20:56:51.823027+00:00 [queued]>
[2022-12-31T20:56:55.352+0000] {taskinstance.py:1165} INFO - Dependencies all met for <TaskInstance: dpt_cosmetic.test manual__2022-12-31T20:56:51.823027+00:00 [queued]>
[2022-12-31T20:56:55.354+0000] {taskinstance.py:1362} INFO - 
--------------------------------------------------------------------------------
[2022-12-31T20:56:55.356+0000] {taskinstance.py:1363} INFO - Starting attempt 1 of 1
[2022-12-31T20:56:55.357+0000] {taskinstance.py:1364} INFO - 
--------------------------------------------------------------------------------
[2022-12-31T20:56:55.427+0000] {taskinstance.py:1383} INFO - Executing <Task(PythonOperator): test> on 2022-12-31 20:56:51.823027+00:00
[2022-12-31T20:56:55.446+0000] {standard_task_runner.py:55} INFO - Started process 102 to run task
[2022-12-31T20:56:55.470+0000] {standard_task_runner.py:82} INFO - Running: ['***', 'tasks', 'run', 'dpt_cosmetic', 'test', 'manual__2022-12-31T20:56:51.823027+00:00', '--job-id', '22', '--raw', '--subdir', 'DAGS_FOLDER/main.py', '--cfg-path', '/tmp/tmpnv9pkb6d']
[2022-12-31T20:56:55.474+0000] {standard_task_runner.py:83} INFO - Job 22: Subtask test
[2022-12-31T20:56:55.910+0000] {task_command.py:376} INFO - Running <TaskInstance: dpt_cosmetic.test manual__2022-12-31T20:56:51.823027+00:00 [running]> on host 19ecae0451dd
[2022-12-31T20:56:56.330+0000] {taskinstance.py:1592} INFO - Exporting the following env vars:
AIRFLOW_CTX_DAG_OWNER=***
AIRFLOW_CTX_DAG_ID=dpt_cosmetic
AIRFLOW_CTX_TASK_ID=test
AIRFLOW_CTX_EXECUTION_DATE=2022-12-31T20:56:51.823027+00:00
AIRFLOW_CTX_TRY_NUMBER=1
AIRFLOW_CTX_DAG_RUN_ID=manual__2022-12-31T20:56:51.823027+00:00
[2022-12-31T20:56:56.375+0000] {base.py:71} INFO - Using connection ID 'mongodb' for task execution.
[2022-12-31T20:56:56.530+0000] {taskinstance.py:1851} ERROR - Task failed with exception
Traceback (most recent call last):
  File "/home/airflow/.local/lib/python3.7/site-packages/pymongo/pool.py", line 1433, in _get_socket
    sock_info = self.sockets.popleft()
IndexError: pop from an empty deque

During handling of the above exception, another exception occurred:

Traceback (most recent call last):
  File "/home/airflow/.local/lib/python3.7/site-packages/airflow/operators/python.py", line 175, in execute
    return_value = self.execute_callable()
  File "/home/airflow/.local/lib/python3.7/site-packages/airflow/operators/python.py", line 193, in execute_callable
    return self.python_callable(*self.op_args, **self.op_kwargs)
  File "/opt/airflow/dags/main.py", line 8, in print_
    print(get_sources())
  File "/opt/airflow/dags/utilties/connection.py", line 43, in get_sources
    sort=[("$natural",-1)],
  File "/home/airflow/.local/lib/python3.7/site-packages/pymongo/collection.py", line 1491, in find_one
    for result in cursor.limit(-1):
  File "/home/airflow/.local/lib/python3.7/site-packages/pymongo/cursor.py", line 1280, in next
    if len(self.__data) or self._refresh():
  File "/home/airflow/.local/lib/python3.7/site-packages/pymongo/cursor.py", line 1195, in _refresh
    self.__send_message(q)
  File "/home/airflow/.local/lib/python3.7/site-packages/pymongo/cursor.py", line 1079, in __send_message
    operation, self._unpack_response, address=self.__address
  File "/home/airflow/.local/lib/python3.7/site-packages/pymongo/mongo_client.py", line 1520, in _run_operation
    retryable=isinstance(operation, message._Query),
  File "/home/airflow/.local/lib/python3.7/site-packages/pymongo/mongo_client.py", line 1609, in _retryable_read
    with self._secondaryok_for_server(read_pref, server, session) as (
  File "/usr/local/lib/python3.7/contextlib.py", line 112, in __enter__
    return next(self.gen)
  File "/home/airflow/.local/lib/python3.7/site-packages/pymongo/mongo_client.py", line 1461, in _secondaryok_for_server
    with self._get_socket(server, session) as sock_info:
  File "/usr/local/lib/python3.7/contextlib.py", line 112, in __enter__
    return next(self.gen)
  File "/home/airflow/.local/lib/python3.7/site-packages/pymongo/mongo_client.py", line 1396, in _get_socket
    with server.get_socket(self.__all_credentials, handler=err_handler) as sock_info:
  File "/usr/local/lib/python3.7/contextlib.py", line 112, in __enter__
    return next(self.gen)
  File "/home/airflow/.local/lib/python3.7/site-packages/pymongo/pool.py", line 1371, in get_socket
    sock_info = self._get_socket(all_credentials)
  File "/home/airflow/.local/lib/python3.7/site-packages/pymongo/pool.py", line 1436, in _get_socket
    sock_info = self.connect(all_credentials)
  File "/home/airflow/.local/lib/python3.7/site-packages/pymongo/pool.py", line 1337, in connect
    sock_info.check_auth(all_credentials)
  File "/home/airflow/.local/lib/python3.7/site-packages/pymongo/pool.py", line 861, in check_auth
    self.authenticate(credentials)
  File "/home/airflow/.local/lib/python3.7/site-packages/pymongo/pool.py", line 878, in authenticate
    auth.authenticate(credentials, self)
  File "/home/airflow/.local/lib/python3.7/site-packages/pymongo/auth.py", line 679, in authenticate
    auth_func(credentials, sock_info)
  File "/home/airflow/.local/lib/python3.7/site-packages/pymongo/auth.py", line 602, in _authenticate_default
    return _authenticate_scram(credentials, sock_info, "SCRAM-SHA-1")
  File "/home/airflow/.local/lib/python3.7/site-packages/pymongo/auth.py", line 291, in _authenticate_scram
    res = sock_info.command(source, cmd)
  File "/home/airflow/.local/lib/python3.7/site-packages/pymongo/pool.py", line 763, in command
    exhaust_allowed=exhaust_allowed,
  File "/home/airflow/.local/lib/python3.7/site-packages/pymongo/network.py", line 181, in command
    parse_write_concern_error=parse_write_concern_error,
  File "/home/airflow/.local/lib/python3.7/site-packages/pymongo/helpers.py", line 180, in _check_command_response
    raise OperationFailure(errmsg, code, response, max_wire_version)
pymongo.errors.OperationFailure: Authentication failed., full error: {'ok': 0.0, 'errmsg': 'Authentication failed.', 'code': 18, 'codeName': 'AuthenticationFailed'}
[2022-12-31T20:56:56.627+0000] {taskinstance.py:1406} INFO - Marking task as FAILED. dag_id=dpt_cosmetic, task_id=test, execution_date=20221231T205651, start_date=20221231T205655, end_date=20221231T205656
[2022-12-31T20:56:56.701+0000] {standard_task_runner.py:105} ERROR - Failed to execute job 22 for task test (Authentication failed., full error: {'ok': 0.0, 'errmsg': 'Authentication failed.', 'code': 18, 'codeName': 'AuthenticationFailed'}; 102)
[2022-12-31T20:56:56.763+0000] {local_task_job.py:164} INFO - Task exited with return code 1
[2022-12-31T20:56:56.922+0000] {local_task_job.py:273} INFO - 0 downstream tasks scheduled from follow-on schedule check
